<?xml version="1.0" encoding="UTF-8"?>
<coverage generated="1592517352753" clover="3.2.0">
  <project timestamp="1592517352754" name="All files">
    <metrics statements="16" coveredstatements="16" conditionals="8" coveredconditionals="8" methods="3" coveredmethods="3" elements="27" coveredelements="27" complexity="0" loc="16" ncloc="16" packages="1" files="1" classes="1"/>
    <file name="validator.js" path="C:\Users\silfr\Desktop\Laboratoria---14\repo de tarjeta\SCL014-card-validation\src\validator.js">
      <metrics statements="16" coveredstatements="16" conditionals="8" coveredconditionals="8" methods="3" coveredmethods="3"/>
      <line num="3" count="1" type="stmt"/>
      <line num="6" count="3" type="cond" truecount="2" falsecount="0"/>
      <line num="8" count="1" type="stmt"/>
      <line num="10" count="2" type="stmt"/>
      <line num="15" count="2" type="stmt"/>
      <line num="16" count="2" type="stmt"/>
      <line num="17" count="2" type="stmt"/>
      <line num="18" count="26" type="cond" truecount="2" falsecount="0"/>
      <line num="19" count="12" type="stmt"/>
      <line num="21" count="14" type="stmt"/>
      <line num="24" count="2" type="cond" truecount="2" falsecount="0"/>
      <line num="25" count="1" type="stmt"/>
      <line num="27" count="1" type="stmt"/>
      <line num="34" count="12" type="stmt"/>
      <line num="35" count="12" type="cond" truecount="2" falsecount="0"/>
      <line num="36" count="12" type="stmt"/>
    </file>
  </project>
</coverage>
