{"C:\\Users\\silfr\\Desktop\\Laboratoria---14\\repo de tarjeta\\SCL014-card-validation\\src\\validator.js": {"path":"C:\\Users\\silfr\\Desktop\\Laboratoria---14\\repo de tarjeta\\SCL014-card-validation\\src\\validator.js","statementMap":{"0":{"start":{"line":3,"column":0},"end":{"line":30,"column":1}},"1":{"start":{"line":6,"column":2},"end":{"line":9,"column":5}},"2":{"start":{"line":8,"column":6},"end":{"line":8,"column":109}},"3":{"start":{"line":10,"column":2},"end":{"line":10,"column":26}},"4":{"start":{"line":15,"column":16},"end":{"line":15,"column":17}},"5":{"start":{"line":16,"column":24},"end":{"line":16,"column":60}},"6":{"start":{"line":17,"column":4},"end":{"line":23,"column":1}},"7":{"start":{"line":17,"column":17},"end":{"line":17,"column":18}},"8":{"start":{"line":18,"column":8},"end":{"line":22,"column":9}},"9":{"start":{"line":19,"column":12},"end":{"line":19,"column":68}},"10":{"start":{"line":21,"column":12},"end":{"line":21,"column":56}},"11":{"start":{"line":24,"column":0},"end":{"line":28,"column":1}},"12":{"start":{"line":25,"column":0},"end":{"line":25,"column":12}},"13":{"start":{"line":27,"column":4},"end":{"line":27,"column":17}},"14":{"start":{"line":34,"column":15},"end":{"line":34,"column":23}},"15":{"start":{"line":35,"column":2},"end":{"line":35,"column":35}},"16":{"start":{"line":35,"column":18},"end":{"line":35,"column":35}},"17":{"start":{"line":36,"column":0},"end":{"line":36,"column":14}}},"fnMap":{"0":{"name":"(anonymous_0)","decl":{"start":{"line":5,"column":10},"end":{"line":5,"column":11}},"loc":{"start":{"line":5,"column":32},"end":{"line":11,"column":1}},"line":5},"1":{"name":"(anonymous_1)","decl":{"start":{"line":14,"column":9},"end":{"line":14,"column":10}},"loc":{"start":{"line":14,"column":29},"end":{"line":29,"column":1}},"line":14},"2":{"name":"duplicate","decl":{"start":{"line":33,"column":9},"end":{"line":33,"column":18}},"loc":{"start":{"line":33,"column":27},"end":{"line":37,"column":1}},"line":33}},"branchMap":{"0":{"loc":{"start":{"line":6,"column":2},"end":{"line":9,"column":5}},"type":"if","locations":[{"start":{"line":6,"column":2},"end":{"line":9,"column":5}},{"start":{"line":6,"column":2},"end":{"line":9,"column":5}}],"line":6},"1":{"loc":{"start":{"line":18,"column":8},"end":{"line":22,"column":9}},"type":"if","locations":[{"start":{"line":18,"column":8},"end":{"line":22,"column":9}},{"start":{"line":18,"column":8},"end":{"line":22,"column":9}}],"line":18},"2":{"loc":{"start":{"line":24,"column":0},"end":{"line":28,"column":1}},"type":"if","locations":[{"start":{"line":24,"column":0},"end":{"line":28,"column":1}},{"start":{"line":24,"column":0},"end":{"line":28,"column":1}}],"line":24},"3":{"loc":{"start":{"line":35,"column":2},"end":{"line":35,"column":35}},"type":"if","locations":[{"start":{"line":35,"column":2},"end":{"line":35,"column":35}},{"start":{"line":35,"column":2},"end":{"line":35,"column":35}}],"line":35}},"s":{"0":1,"1":3,"2":1,"3":2,"4":2,"5":2,"6":2,"7":2,"8":26,"9":12,"10":14,"11":2,"12":1,"13":1,"14":12,"15":12,"16":6,"17":12},"f":{"0":3,"1":2,"2":12},"b":{"0":[1,2],"1":[12,14],"2":[1,1],"3":[6,6]},"_coverageSchema":"43e27e138ebf9cfc5966b082cf9a028302ed4184","hash":"a4bc78adcfc9d30639e874fa09359382f9618f55"}
}
