TN:
SF:C:\Users\silfr\Desktop\Laboratoria---14\repo de tarjeta\SCL014-card-validation\src\validator.js
FN:5,(anonymous_0)
FN:14,(anonymous_1)
FN:33,duplicate
FNF:3
FNH:3
FNDA:3,(anonymous_0)
FNDA:2,(anonymous_1)
FNDA:12,duplicate
DA:3,1
DA:6,3
DA:8,1
DA:10,2
DA:15,2
DA:16,2
DA:17,2
DA:18,26
DA:19,12
DA:21,14
DA:24,2
DA:25,1
DA:27,1
DA:34,12
DA:35,12
DA:36,12
LF:16
LH:16
BRDA:6,0,0,1
BRDA:6,0,1,2
BRDA:18,1,0,12
BRDA:18,1,1,14
BRDA:24,2,0,1
BRDA:24,2,1,1
BRDA:35,3,0,6
BRDA:35,3,1,6
BRF:8
BRH:8
end_of_record
